2023-08-11T00:00:11.116+05:30 DEBUG 1880 --- [http-nio-8080-exec-4] com.lms.app.controller.LmsController     : Select Winner for Draw d2
2023-08-11T00:00:11.124+05:30 ERROR 1880 --- [http-nio-8080-exec-4] com.lms.app.controller.LmsController     : Error in selecting Winner for Draw: d2 , error: Draw not found
2023-08-11T00:00:16.606+05:30 DEBUG 1880 --- [http-nio-8080-exec-5] com.lms.app.controller.LmsController     : Select Winner for Draw d1
2023-08-11T00:00:16.640+05:30  INFO 1880 --- [http-nio-8080-exec-5] com.lms.app.controller.LmsController     : Winner Ticket Number: d1-1 , Customer Identity: c1 and TicketOwner: 2564 for Draw Number: d1
2023-08-11T00:00:24.955+05:30 DEBUG 1880 --- [http-nio-8080-exec-6] com.lms.app.controller.LmsController     : Select Winner for Draw d1
2023-08-11T00:00:24.984+05:30  INFO 1880 --- [http-nio-8080-exec-6] com.lms.app.controller.LmsController     : Winner Ticket Number: d1-4 , Customer Identity: c1 and TicketOwner: 2565 for Draw Number: d1
2023-08-11T00:00:27.691+05:30 DEBUG 1880 --- [http-nio-8080-exec-7] com.lms.app.controller.LmsController     : Select Winner for Draw d1
2023-08-11T00:00:27.706+05:30  INFO 1880 --- [http-nio-8080-exec-7] com.lms.app.controller.LmsController     : Winner Ticket Number: d1-4 , Customer Identity: c1 and TicketOwner: 2565 for Draw Number: d1
2023-08-11T00:00:28.950+05:30 DEBUG 1880 --- [http-nio-8080-exec-8] com.lms.app.controller.LmsController     : Select Winner for Draw d1
2023-08-11T00:00:28.977+05:30  INFO 1880 --- [http-nio-8080-exec-8] com.lms.app.controller.LmsController     : Winner Ticket Number: d1-3 , Customer Identity: c1 and TicketOwner: 2565 for Draw Number: d1
2023-08-11T00:00:30.024+05:30 DEBUG 1880 --- [http-nio-8080-exec-9] com.lms.app.controller.LmsController     : Select Winner for Draw d1
2023-08-11T00:00:30.051+05:30  INFO 1880 --- [http-nio-8080-exec-9] com.lms.app.controller.LmsController     : Winner Ticket Number: d1-5 , Customer Identity: c1 and TicketOwner: 2565 for Draw Number: d1
2023-08-11T00:00:31.101+05:30 DEBUG 1880 --- [http-nio-8080-exec-10] com.lms.app.controller.LmsController     : Select Winner for Draw d1
2023-08-11T00:00:31.115+05:30  INFO 1880 --- [http-nio-8080-exec-10] com.lms.app.controller.LmsController     : Winner Ticket Number: d1-4 , Customer Identity: c1 and TicketOwner: 2565 for Draw Number: d1
2023-08-11T00:00:32.142+05:30 DEBUG 1880 --- [http-nio-8080-exec-2] com.lms.app.controller.LmsController     : Select Winner for Draw d1
2023-08-11T00:00:32.155+05:30  INFO 1880 --- [http-nio-8080-exec-2] com.lms.app.controller.LmsController     : Winner Ticket Number: d1-3 , Customer Identity: c1 and TicketOwner: 2565 for Draw Number: d1
2023-08-11T00:00:33.163+05:30 DEBUG 1880 --- [http-nio-8080-exec-1] com.lms.app.controller.LmsController     : Select Winner for Draw d1
2023-08-11T00:00:33.179+05:30  INFO 1880 --- [http-nio-8080-exec-1] com.lms.app.controller.LmsController     : Winner Ticket Number: d1-2 , Customer Identity: c1 and TicketOwner: 2564 for Draw Number: d1
2023-08-11T00:00:34.163+05:30 DEBUG 1880 --- [http-nio-8080-exec-3] com.lms.app.controller.LmsController     : Select Winner for Draw d1
2023-08-11T00:00:34.176+05:30  INFO 1880 --- [http-nio-8080-exec-3] com.lms.app.controller.LmsController     : Winner Ticket Number: d1-4 , Customer Identity: c1 and TicketOwner: 2565 for Draw Number: d1
2023-08-11T00:00:38.633+05:30 DEBUG 1880 --- [http-nio-8080-exec-4] com.lms.app.controller.LmsController     : Select Winner for Draw d1
2023-08-11T00:00:38.647+05:30  INFO 1880 --- [http-nio-8080-exec-4] com.lms.app.controller.LmsController     : Winner Ticket Number: d1-1 , Customer Identity: c1 and TicketOwner: 2564 for Draw Number: d1
2023-08-11T00:00:39.773+05:30 DEBUG 1880 --- [http-nio-8080-exec-5] com.lms.app.controller.LmsController     : Select Winner for Draw d1
2023-08-11T00:00:39.792+05:30  INFO 1880 --- [http-nio-8080-exec-5] com.lms.app.controller.LmsController     : Winner Ticket Number: d1-3 , Customer Identity: c1 and TicketOwner: 2565 for Draw Number: d1
2023-08-11T00:01:18.983+05:30  INFO 8448 --- [main] com.lms.app.LmsApplication               : Starting LmsApplication using Java 17.0.5 with PID 8448 (D:\safvan\workspace\lms\lms\target\classes started by Safvan in D:\safvan\workspace\lms\lms)
2023-08-11T00:01:18.984+05:30 DEBUG 8448 --- [main] com.lms.app.LmsApplication               : Running with Spring Boot v3.1.2, Spring v6.0.11
2023-08-11T00:01:18.985+05:30  INFO 8448 --- [main] com.lms.app.LmsApplication               : No active profile set, falling back to 1 default profile: "default"
2023-08-11T00:01:22.779+05:30  WARN 8448 --- [main] JpaBaseConfiguration$JpaWebConfiguration : spring.jpa.open-in-view is enabled by default. Therefore, database queries may be performed during view rendering. Explicitly configure spring.jpa.open-in-view to disable this warning
2023-08-11T00:01:23.244+05:30  INFO 8448 --- [main] com.lms.app.LmsApplication               : Started LmsApplication in 4.59 seconds (process running for 5.03)
2023-08-11T13:12:39.137+05:30  INFO 6368 --- [main] com.lms.app.LmsApplication               : Starting LmsApplication using Java 17.0.5 with PID 6368 (D:\safvan\workspace\lms\lms\target\classes started by Safvan in D:\safvan\workspace\lms\lms)
2023-08-11T13:12:39.139+05:30 DEBUG 6368 --- [main] com.lms.app.LmsApplication               : Running with Spring Boot v3.1.2, Spring v6.0.11
2023-08-11T13:12:39.140+05:30  INFO 6368 --- [main] com.lms.app.LmsApplication               : No active profile set, falling back to 1 default profile: "default"
2023-08-11T13:12:44.297+05:30  WARN 6368 --- [main] JpaBaseConfiguration$JpaWebConfiguration : spring.jpa.open-in-view is enabled by default. Therefore, database queries may be performed during view rendering. Explicitly configure spring.jpa.open-in-view to disable this warning
2023-08-11T13:12:44.787+05:30  INFO 6368 --- [main] com.lms.app.LmsApplication               : Started LmsApplication in 6.05 seconds (process running for 9.041)
2023-08-11T13:13:36.336+05:30  INFO 9712 --- [main] com.lms.app.LmsApplication               : Starting LmsApplication using Java 17.0.5 with PID 9712 (D:\safvan\workspace\lms\lms\target\classes started by Safvan in D:\safvan\workspace\lms\lms)
2023-08-11T13:13:36.337+05:30 DEBUG 9712 --- [main] com.lms.app.LmsApplication               : Running with Spring Boot v3.1.2, Spring v6.0.11
2023-08-11T13:13:36.338+05:30  INFO 9712 --- [main] com.lms.app.LmsApplication               : No active profile set, falling back to 1 default profile: "default"
2023-08-11T13:13:40.117+05:30  WARN 9712 --- [main] JpaBaseConfiguration$JpaWebConfiguration : spring.jpa.open-in-view is enabled by default. Therefore, database queries may be performed during view rendering. Explicitly configure spring.jpa.open-in-view to disable this warning
2023-08-11T13:13:40.585+05:30  INFO 9712 --- [main] com.lms.app.LmsApplication               : Started LmsApplication in 4.588 seconds (process running for 5.032)
2023-08-11T13:14:28.667+05:30 DEBUG 9712 --- [http-nio-8080-exec-1] com.lms.app.controller.LmsController     : Create Draw with drawNumber: d1 , maxTickets: 15 , startDate: 2023-08-01 05:30:00.0 , endDate: 2023-10-30 05:30:00.0
2023-08-11T13:14:28.668+05:30 DEBUG 9712 --- [http-nio-8080-exec-1] com.lms.app.service.LmsServiceImpl       : Create Draw with Draw Number: d1 , Max Tickets: 15 , Start Date: 2023-08-01 05:30:00.0 , End Date: 2023-10-30 05:30:00.0
2023-08-11T13:14:28.783+05:30  INFO 9712 --- [http-nio-8080-exec-1] com.lms.app.service.LmsServiceImpl       : Draw created successfully. DrawID: 1
2023-08-11T13:14:28.783+05:30  INFO 9712 --- [http-nio-8080-exec-1] com.lms.app.controller.LmsController     : Draw d1 created successfully with DrawID: 1
2023-08-11T13:14:34.281+05:30 DEBUG 9712 --- [http-nio-8080-exec-3] com.lms.app.controller.LmsController     : Generate Tickets for a Draw with drawNumber: d1
2023-08-11T13:14:34.281+05:30 DEBUG 9712 --- [http-nio-8080-exec-3] com.lms.app.service.LmsServiceImpl       : Generate Tickets for Draw: d1
2023-08-11T13:14:34.553+05:30  INFO 9712 --- [http-nio-8080-exec-3] com.lms.app.service.LmsServiceImpl       : 15 tickets generated for Draw: d1
2023-08-11T13:14:34.553+05:30  INFO 9712 --- [http-nio-8080-exec-3] com.lms.app.controller.LmsController     : 15 tickets generated successfully for Draw: d1
2023-08-11T13:14:40.650+05:30 DEBUG 9712 --- [http-nio-8080-exec-4] com.lms.app.controller.LmsController     : Create License with licenseKey: L1 , maxTickets: 10 , ValidityPeriod: 2023-11-30 05:30:00.0
2023-08-11T13:14:40.650+05:30 DEBUG 9712 --- [http-nio-8080-exec-4] com.lms.app.service.LmsServiceImpl       : Create License for LicenseKey: L1 , Max Tickets: 10 , Validity Period: 2023-11-30 05:30:00.0
2023-08-11T13:14:40.661+05:30  INFO 9712 --- [http-nio-8080-exec-4] com.lms.app.service.LmsServiceImpl       : License created successfully. LicenseID: 1
2023-08-11T13:14:40.661+05:30  INFO 9712 --- [http-nio-8080-exec-4] com.lms.app.controller.LmsController     : License L1 created successfully with LicenseID: 1
2023-08-11T13:14:51.039+05:30 DEBUG 9712 --- [http-nio-8080-exec-5] com.lms.app.controller.LmsController     : Create License with licenseKey: L2 , maxTickets: 5 , ValidityPeriod: 2023-11-30 05:30:00.0
2023-08-11T13:14:51.040+05:30 DEBUG 9712 --- [http-nio-8080-exec-5] com.lms.app.service.LmsServiceImpl       : Create License for LicenseKey: L2 , Max Tickets: 5 , Validity Period: 2023-11-30 05:30:00.0
2023-08-11T13:14:51.045+05:30  INFO 9712 --- [http-nio-8080-exec-5] com.lms.app.service.LmsServiceImpl       : License created successfully. LicenseID: 2
2023-08-11T13:14:51.045+05:30  INFO 9712 --- [http-nio-8080-exec-5] com.lms.app.controller.LmsController     : License L2 created successfully with LicenseID: 2
2023-08-11T13:15:00.784+05:30 DEBUG 9712 --- [http-nio-8080-exec-6] com.lms.app.controller.LmsController     : Create Customer with CustomerIdentity: c1 , name: sk , paymentMethod: bank1 , license: L1
2023-08-11T13:15:00.784+05:30 DEBUG 9712 --- [http-nio-8080-exec-6] com.lms.app.service.LmsServiceImpl       : Create Customer with Customer Identity: c1 , Customer Name: sk , Payment Method: bank1 , LicenseKey: L1
2023-08-11T13:15:00.803+05:30 DEBUG 9712 --- [http-nio-8080-exec-6] com.lms.app.service.LmsServiceImpl       : License found for key: L1
2023-08-11T13:15:00.815+05:30  INFO 9712 --- [http-nio-8080-exec-6] com.lms.app.service.LmsServiceImpl       : Customer created successfully. CustomerID: 1
2023-08-11T13:15:00.815+05:30  INFO 9712 --- [http-nio-8080-exec-6] com.lms.app.controller.LmsController     : Customer with Identity c1 created successfully with CustomerID: 1
2023-08-11T13:15:09.404+05:30 DEBUG 9712 --- [http-nio-8080-exec-7] com.lms.app.controller.LmsController     : Create Customer with CustomerIdentity: c2 , name: sk1 , paymentMethod: bank1 , license: L2
2023-08-11T13:15:09.404+05:30 DEBUG 9712 --- [http-nio-8080-exec-7] com.lms.app.service.LmsServiceImpl       : Create Customer with Customer Identity: c2 , Customer Name: sk1 , Payment Method: bank1 , LicenseKey: L2
2023-08-11T13:15:09.411+05:30 DEBUG 9712 --- [http-nio-8080-exec-7] com.lms.app.service.LmsServiceImpl       : License found for key: L2
2023-08-11T13:15:09.426+05:30  INFO 9712 --- [http-nio-8080-exec-7] com.lms.app.service.LmsServiceImpl       : Customer created successfully. CustomerID: 2
2023-08-11T13:15:09.426+05:30  INFO 9712 --- [http-nio-8080-exec-7] com.lms.app.controller.LmsController     : Customer with Identity c2 created successfully with CustomerID: 2
2023-08-11T13:15:22.009+05:30 DEBUG 9712 --- [http-nio-8080-exec-8] com.lms.app.controller.LmsController     : Create TicketOwner with TicketOwnerIdentity: 2563 , name: safvan , paymentMethod: bank , mobileNumber: 9878908756 , customerIdentity: c1
2023-08-11T13:15:22.009+05:30 DEBUG 9712 --- [http-nio-8080-exec-8] com.lms.app.service.LmsServiceImpl       : Create Ticket Owner with TicketOwner Identity: 2563 , Customer Name: null , Name: safvan , Mobile Number: 9878908756 , Payment Method: bank
2023-08-11T13:15:22.061+05:30  INFO 9712 --- [http-nio-8080-exec-8] com.lms.app.service.LmsServiceImpl       : Ticket Onwer created successfully. TicketOwnerID: 1
2023-08-11T13:15:22.062+05:30  INFO 9712 --- [http-nio-8080-exec-8] com.lms.app.controller.LmsController     : TicketOwner with Identity 2563 created successfully with TicketOwnerID: 1
2023-08-11T13:15:27.467+05:30 DEBUG 9712 --- [http-nio-8080-exec-9] com.lms.app.controller.LmsController     : Create TicketOwner with TicketOwnerIdentity: 2564 , name: safvan , paymentMethod: bank , mobileNumber: 9878908756 , customerIdentity: c1
2023-08-11T13:15:27.467+05:30 DEBUG 9712 --- [http-nio-8080-exec-9] com.lms.app.service.LmsServiceImpl       : Create Ticket Owner with TicketOwner Identity: 2564 , Customer Name: null , Name: safvan , Mobile Number: 9878908756 , Payment Method: bank
2023-08-11T13:15:27.483+05:30  INFO 9712 --- [http-nio-8080-exec-9] com.lms.app.service.LmsServiceImpl       : Ticket Onwer created successfully. TicketOwnerID: 2
2023-08-11T13:15:27.483+05:30  INFO 9712 --- [http-nio-8080-exec-9] com.lms.app.controller.LmsController     : TicketOwner with Identity 2564 created successfully with TicketOwnerID: 2
2023-08-11T13:15:38.445+05:30 DEBUG 9712 --- [http-nio-8080-exec-10] com.lms.app.controller.LmsController     : Create TicketOwner with TicketOwnerIdentity: 2565 , name: safvan , paymentMethod: bank , mobileNumber: 9878908756 , customerIdentity: c2
2023-08-11T13:15:38.446+05:30 DEBUG 9712 --- [http-nio-8080-exec-10] com.lms.app.service.LmsServiceImpl       : Create Ticket Owner with TicketOwner Identity: 2565 , Customer Name: null , Name: safvan , Mobile Number: 9878908756 , Payment Method: bank
2023-08-11T13:15:38.470+05:30  INFO 9712 --- [http-nio-8080-exec-10] com.lms.app.service.LmsServiceImpl       : Ticket Onwer created successfully. TicketOwnerID: 3
2023-08-11T13:15:38.470+05:30  INFO 9712 --- [http-nio-8080-exec-10] com.lms.app.controller.LmsController     : TicketOwner with Identity 2565 created successfully with TicketOwnerID: 3
2023-08-11T13:15:45.825+05:30 DEBUG 9712 --- [http-nio-8080-exec-2] com.lms.app.controller.LmsController     : Purchase a Ticket for Draw d1 for TicketOwner: 2563
2023-08-11T13:15:45.826+05:30  INFO 9712 --- [http-nio-8080-exec-2] com.lms.app.service.LmsServiceImpl       : Request for purchase of Ticket for Draw: d1 , Ticket Owner: 2563
2023-08-11T13:15:45.831+05:30 DEBUG 9712 --- [http-nio-8080-exec-2] com.lms.app.service.LmsServiceImpl       : Draw found for Draw Number: d1
2023-08-11T13:15:45.841+05:30  INFO 9712 --- [http-nio-8080-exec-2] com.lms.app.service.LmsServiceImpl       : Ticket Selected for Purchase: d1-1 for Draw: d1 and Ticket Owner: 2563
2023-08-11T13:15:45.858+05:30 DEBUG 9712 --- [http-nio-8080-exec-2] com.lms.app.service.LmsServiceImpl       : Ticket Owner found for Ticket Owner Identity: 2563
2023-08-11T13:15:45.898+05:30  INFO 9712 --- [http-nio-8080-exec-2] com.lms.app.service.LmsServiceImpl       : Ticket d1-1 purchase successfully for Ticket Owner: 2563
2023-08-11T13:15:45.898+05:30  INFO 9712 --- [http-nio-8080-exec-2] com.lms.app.controller.LmsController     : Purchase of Ticket d1-1 for Draw d1 for TicketOwner 2563 successful
2023-08-11T13:15:50.700+05:30 DEBUG 9712 --- [http-nio-8080-exec-1] com.lms.app.controller.LmsController     : Purchase a Ticket for Draw d1 for TicketOwner: 2564
2023-08-11T13:15:50.700+05:30  INFO 9712 --- [http-nio-8080-exec-1] com.lms.app.service.LmsServiceImpl       : Request for purchase of Ticket for Draw: d1 , Ticket Owner: 2564
2023-08-11T13:15:50.704+05:30 DEBUG 9712 --- [http-nio-8080-exec-1] com.lms.app.service.LmsServiceImpl       : Draw found for Draw Number: d1
2023-08-11T13:15:50.714+05:30  INFO 9712 --- [http-nio-8080-exec-1] com.lms.app.service.LmsServiceImpl       : Ticket Selected for Purchase: d1-2 for Draw: d1 and Ticket Owner: 2564
2023-08-11T13:15:50.727+05:30 DEBUG 9712 --- [http-nio-8080-exec-1] com.lms.app.service.LmsServiceImpl       : Ticket Owner found for Ticket Owner Identity: 2564
2023-08-11T13:15:50.748+05:30  INFO 9712 --- [http-nio-8080-exec-1] com.lms.app.service.LmsServiceImpl       : Ticket d1-2 purchase successfully for Ticket Owner: 2564
2023-08-11T13:15:50.748+05:30  INFO 9712 --- [http-nio-8080-exec-1] com.lms.app.controller.LmsController     : Purchase of Ticket d1-2 for Draw d1 for TicketOwner 2564 successful
2023-08-11T13:15:55.090+05:30 DEBUG 9712 --- [http-nio-8080-exec-3] com.lms.app.controller.LmsController     : Purchase a Ticket for Draw d1 for TicketOwner: 2565
2023-08-11T13:15:55.090+05:30  INFO 9712 --- [http-nio-8080-exec-3] com.lms.app.service.LmsServiceImpl       : Request for purchase of Ticket for Draw: d1 , Ticket Owner: 2565
2023-08-11T13:15:55.094+05:30 DEBUG 9712 --- [http-nio-8080-exec-3] com.lms.app.service.LmsServiceImpl       : Draw found for Draw Number: d1
2023-08-11T13:15:55.100+05:30  INFO 9712 --- [http-nio-8080-exec-3] com.lms.app.service.LmsServiceImpl       : Ticket Selected for Purchase: d1-3 for Draw: d1 and Ticket Owner: 2565
2023-08-11T13:15:55.107+05:30 DEBUG 9712 --- [http-nio-8080-exec-3] com.lms.app.service.LmsServiceImpl       : Ticket Owner found for Ticket Owner Identity: 2565
2023-08-11T13:15:55.117+05:30  INFO 9712 --- [http-nio-8080-exec-3] com.lms.app.service.LmsServiceImpl       : Ticket d1-3 purchase successfully for Ticket Owner: 2565
2023-08-11T13:15:55.118+05:30  INFO 9712 --- [http-nio-8080-exec-3] com.lms.app.controller.LmsController     : Purchase of Ticket d1-3 for Draw d1 for TicketOwner 2565 successful
2023-08-11T13:15:59.965+05:30 DEBUG 9712 --- [http-nio-8080-exec-4] com.lms.app.controller.LmsController     : Purchase a Ticket for Draw d1 for TicketOwner: 2564
2023-08-11T13:15:59.965+05:30  INFO 9712 --- [http-nio-8080-exec-4] com.lms.app.service.LmsServiceImpl       : Request for purchase of Ticket for Draw: d1 , Ticket Owner: 2564
2023-08-11T13:15:59.969+05:30 DEBUG 9712 --- [http-nio-8080-exec-4] com.lms.app.service.LmsServiceImpl       : Draw found for Draw Number: d1
2023-08-11T13:15:59.974+05:30  INFO 9712 --- [http-nio-8080-exec-4] com.lms.app.service.LmsServiceImpl       : Ticket Selected for Purchase: d1-4 for Draw: d1 and Ticket Owner: 2564
2023-08-11T13:15:59.983+05:30 DEBUG 9712 --- [http-nio-8080-exec-4] com.lms.app.service.LmsServiceImpl       : Ticket Owner found for Ticket Owner Identity: 2564
2023-08-11T13:16:00.005+05:30  INFO 9712 --- [http-nio-8080-exec-4] com.lms.app.service.LmsServiceImpl       : Ticket d1-4 purchase successfully for Ticket Owner: 2564
2023-08-11T13:16:00.005+05:30  INFO 9712 --- [http-nio-8080-exec-4] com.lms.app.controller.LmsController     : Purchase of Ticket d1-4 for Draw d1 for TicketOwner 2564 successful
2023-08-11T13:16:05.030+05:30 DEBUG 9712 --- [http-nio-8080-exec-5] com.lms.app.controller.LmsController     : Purchase a Ticket for Draw d1 for TicketOwner: 2563
2023-08-11T13:16:05.031+05:30  INFO 9712 --- [http-nio-8080-exec-5] com.lms.app.service.LmsServiceImpl       : Request for purchase of Ticket for Draw: d1 , Ticket Owner: 2563
2023-08-11T13:16:05.035+05:30 DEBUG 9712 --- [http-nio-8080-exec-5] com.lms.app.service.LmsServiceImpl       : Draw found for Draw Number: d1
2023-08-11T13:16:05.040+05:30  INFO 9712 --- [http-nio-8080-exec-5] com.lms.app.service.LmsServiceImpl       : Ticket Selected for Purchase: d1-5 for Draw: d1 and Ticket Owner: 2563
2023-08-11T13:16:05.053+05:30 DEBUG 9712 --- [http-nio-8080-exec-5] com.lms.app.service.LmsServiceImpl       : Ticket Owner found for Ticket Owner Identity: 2563
2023-08-11T13:16:05.075+05:30  INFO 9712 --- [http-nio-8080-exec-5] com.lms.app.service.LmsServiceImpl       : Ticket d1-5 purchase successfully for Ticket Owner: 2563
2023-08-11T13:16:05.075+05:30  INFO 9712 --- [http-nio-8080-exec-5] com.lms.app.controller.LmsController     : Purchase of Ticket d1-5 for Draw d1 for TicketOwner 2563 successful
2023-08-11T13:16:08.569+05:30 DEBUG 9712 --- [http-nio-8080-exec-6] com.lms.app.controller.LmsController     : Select Winner for Draw d1
2023-08-11T13:16:08.569+05:30  INFO 9712 --- [http-nio-8080-exec-6] com.lms.app.service.LmsServiceImpl       : Select Winner for Draw: d1
2023-08-11T13:16:08.601+05:30  INFO 9712 --- [http-nio-8080-exec-6] com.lms.app.service.LmsServiceImpl       : Lottery Winner: d1-3 , Ticket Owner: 2565 , Customer: c2
2023-08-11T13:16:08.601+05:30  INFO 9712 --- [http-nio-8080-exec-6] com.lms.app.service.LmsServiceImpl       : Ticket Owner identity 2565 verification performed successfully
2023-08-11T13:16:08.601+05:30  INFO 9712 --- [http-nio-8080-exec-6] com.lms.app.service.LmsServiceImpl       : Payment done to Customer: c2 , PaymentMethod: bank1
2023-08-11T13:16:08.601+05:30  INFO 9712 --- [http-nio-8080-exec-6] com.lms.app.service.LmsServiceImpl       : Payment done to Ticket Owner: 2565 , PaymentMethod: bank
2023-08-11T13:16:08.601+05:30  INFO 9712 --- [http-nio-8080-exec-6] com.lms.app.controller.LmsController     : Winner Ticket Number: d1-3 , Customer Identity: c2 and TicketOwner: 2565 for Draw Number: d1
